Using pre-set license

 COMMAND LINE ARGUMENTS:
/Applications/Unity/Unity.app/Contents/MacOS/Unity
-adb2
-batchMode
-noUpm
-name
AssetImportWorker0
-projectPath
/Users/elliebruhns/Desktop/Rollaball
-logFile
Logs/AssetImportWorker0.log
-srvPort
50036
Successfully changed project path to: /Users/elliebruhns/Desktop/Rollaball
/Users/elliebruhns/Desktop/Rollaball
Using Asset Import Pipeline V2.
Refreshing native plugins compatible for Editor in 79.12 ms, found 1 plugins.
Preloading 0 native plugins for Editor in 0.00 ms.
Initialize engine version: 2020.3.1f1 (77a89f25062f)
[Subsystems] Discovering subsystems at path /Applications/Unity/Unity.app/Contents/Resources/UnitySubsystems
[Subsystems] Discovering subsystems at path /Users/elliebruhns/Desktop/Rollaball/Assets
GfxDevice: creating device client; threaded=0
2021-04-01 12:43:08.611 Unity[2093:25478] Color LCD preferred device: Intel(R) Iris(TM) Plus Graphics 645 (low power)
2021-04-01 12:43:08.618 Unity[2093:25478] Metal devices available: 1
2021-04-01 12:43:08.618 Unity[2093:25478] 0: Intel(R) Iris(TM) Plus Graphics 645 (low power)
2021-04-01 12:43:08.619 Unity[2093:25478] Using device Intel(R) Iris(TM) Plus Graphics 645 (low power)
Initializing Metal device caps: Intel(R) Iris(TM) Plus Graphics 645
Initialize mono
Mono path[0] = '/Applications/Unity/Unity.app/Contents/Managed'
Mono path[1] = '/Applications/Unity/Unity.app/Contents/MonoBleedingEdge/lib/mono/unityjit'
Mono config path = '/Applications/Unity/Unity.app/Contents/MonoBleedingEdge/etc'
Using monoOptions --debugger-agent=transport=dt_socket,embedding=1,server=y,suspend=n,address=127.0.0.1:56093
Begin MonoManager ReloadAssembly
Error scanning for extension ivy.xml files: System.UnauthorizedAccessException: Access to the path '/Applications/Unity/PlaybackEngines/WebGLSupport/BuildTools/Emscripten_Mac/node' is denied.
  at System.IO.__Error.WinIOError (System.Int32 errorCode, System.String maybeFullPath) [0x00129] in <eae584ce26bc40229c1b1aa476bfa589>:0 
  at System.IO.FileSystemEnumerableIterator`1[TSource].HandleError (System.Int32 hr, System.String path) [0x00006] in <eae584ce26bc40229c1b1aa476bfa589>:0 
  at System.IO.FileSystemEnumerableIterator`1[TSource].AddSearchableDirsToStack (System.IO.Directory+SearchData localSearchData) [0x00053] in <eae584ce26bc40229c1b1aa476bfa589>:0 
  at System.IO.FileSystemEnumerableIterator`1[TSource].MoveNext () [0x0008e] in <eae584ce26bc40229c1b1aa476bfa589>:0 
  at System.Collections.Generic.List`1[T]..ctor (System.Collections.Generic.IEnumerable`1[T] collection) [0x00077] in <eae584ce26bc40229c1b1aa476bfa589>:0 
  at System.IO.Directory.InternalGetFileDirectoryNames (System.String path, System.String userPathOriginal, System.String searchPattern, System.Boolean includeFiles, System.Boolean includeDirs, System.IO.SearchOption searchOption, System.Boolean checkHost) [0x0000f] in <eae584ce26bc40229c1b1aa476bfa589>:0 
  at System.IO.Directory.InternalGetFiles (System.String path, System.String searchPattern, System.IO.SearchOption searchOption) [0x00000] in <eae584ce26bc40229c1b1aa476bfa589>:0 
  at System.IO.Directory.GetFiles (System.String path, System.String searchPattern, System.IO.SearchOption searchOption) [0x00038] in <eae584ce26bc40229c1b1aa476bfa589>:0 
  at UnityEditor.Modules.ModuleManager.LoadLegacyExtensionsFromIvyFiles () [0x000a5] in /Users/bokken/buildslave/unity/build/Editor/Mono/Modules/ModuleManager.cs:253 
Registering precompiled unity dll's ...
Register platform support module: /Applications/Unity/PlaybackEngines/WebGLSupport/UnityEditor.WebGL.Extensions.dll
Register platform support module: /Applications/Unity/Unity.app/Contents/PlaybackEngines/MacStandaloneSupport/UnityEditor.OSXStandalone.Extensions.dll
Registered in 0.002953 seconds.
Native extension for OSXStandalone target not found
Native extension for WebGL target not found
Refreshing native plugins compatible for Editor in 57.60 ms, found 1 plugins.
Preloading 0 native plugins for Editor in 0.00 ms.
Invoked RoslynAnalysisRunner static constructor.
RoslynAnalysisRunner will not be running.
RoslynAnalysisRunner has terminated.
Mono: successfully reloaded assembly
- Completed reload, in  2.640 seconds
Platform modules already initialized, skipping
Registering precompiled user dll's ...
Registered in 0.002108 seconds.
Begin MonoManager ReloadAssembly
Native extension for OSXStandalone target not found
Native extension for WebGL target not found
Refreshing native plugins compatible for Editor in 54.08 ms, found 1 plugins.
Preloading 0 native plugins for Editor in 0.00 ms.
Invoked RoslynAnalysisRunner static constructor.
RoslynAnalysisRunner will not be running.
RoslynAnalysisRunner has terminated.
Mono: successfully reloaded assembly
- Completed reload, in  1.331 seconds
Platform modules already initialized, skipping
========================================================================
Worker process is ready to serve import requests
Shader 'Universal Render Pipeline/Particles/Lit': fallback shader 'Universal Render Pipeline/Particles/SimpleLit' not found
Shader 'Universal Render Pipeline/Particles/Lit': fallback shader 'Universal Render Pipeline/Particles/SimpleLit' not found
Launching external process: /Applications/Unity/Unity.app/Contents/Tools/UnityShaderCompiler
Launched and connected shader compiler UnityShaderCompiler after 0.02 seconds
Refreshing native plugins compatible for Editor in 0.82 ms, found 1 plugins.
Preloading 0 native plugins for Editor in 0.00 ms.
Unloading 2416 Unused Serialized files (Serialized files now loaded: 0)
System memory in use before: 170.2 MB.
System memory in use after: 167.8 MB.

Unloading 46 unused Assets to reduce memory usage. Loaded Objects now: 2820.
Total: 5.920787 ms (FindLiveObjects: 0.414145 ms CreateObjectMapping: 0.149107 ms MarkObjects: 2.813253 ms  DeleteObjects: 2.542604 ms)

========================================================================
Received Import Request.
  path: Assets/Readme.asset
  artifactKey: Guid(83c2ed844a8c74b779a4c823d16594b1) Importer(815301076,1909f56bfc062723c751e8b465ee728b)
Start importing Assets/Readme.asset using Guid(83c2ed844a8c74b779a4c823d16594b1) Importer(815301076,1909f56bfc062723c751e8b465ee728b)  -> (artifact id: '5dcbb894266d2c9b152955f6bbad470d') in 0.427474 seconds
  Import took 0.433995 seconds .

========================================================================
Received Import Request.
  Time since last request: 791.408292 seconds.
  path: Assets/Template
  artifactKey: Guid(86b6be3d861bd4504bea3ff3e677e17a) Importer(815301076,1909f56bfc062723c751e8b465ee728b)
Start importing Assets/Template using Guid(86b6be3d861bd4504bea3ff3e677e17a) Importer(815301076,1909f56bfc062723c751e8b465ee728b)  -> (artifact id: '10f01f8b9ee68503ebeda1c0add020e1') in 0.007311 seconds
  Import took 0.040192 seconds .

========================================================================
Received Import Request.
  Time since last request: 30.595061 seconds.
  path: Assets/TutorialInfo
  artifactKey: Guid(49110bb8dcada46328ad741970bce702) Importer(815301076,1909f56bfc062723c751e8b465ee728b)
Start importing Assets/TutorialInfo using Guid(49110bb8dcada46328ad741970bce702) Importer(815301076,1909f56bfc062723c751e8b465ee728b)  -> (artifact id: '01b730f4bcb53e42f2455cac6c6ee2ac') in 0.003833 seconds
  Import took 0.011720 seconds .

========================================================================
Received Import Request.
  Time since last request: 1.904334 seconds.
  path: Assets/Settings
  artifactKey: Guid(0735c275001a2c84dafdb30deced5d8d) Importer(815301076,1909f56bfc062723c751e8b465ee728b)
Start importing Assets/Settings using Guid(0735c275001a2c84dafdb30deced5d8d) Importer(815301076,1909f56bfc062723c751e8b465ee728b)  -> (artifact id: '9308cc7a074ad18ed3456a7b401062b7') in 0.003676 seconds
  Import took 0.010765 seconds .

========================================================================
Received Import Request.
  Time since last request: 2.576799 seconds.
  path: Assets/ExampleAssets
  artifactKey: Guid(990f5c2df70993f4987a388ca178996a) Importer(815301076,1909f56bfc062723c751e8b465ee728b)
Start importing Assets/ExampleAssets using Guid(990f5c2df70993f4987a388ca178996a) Importer(815301076,1909f56bfc062723c751e8b465ee728b)  -> (artifact id: 'f86d171bc68fd768341141d484d02dc3') in 0.003254 seconds
  Import took 0.010921 seconds .

========================================================================
Received Prepare
Registering precompiled user dll's ...
Registered in 0.000957 seconds.
Begin MonoManager ReloadAssembly
Native extension for OSXStandalone target not found
Native extension for WebGL target not found
Refreshing native plugins compatible for Editor in 0.64 ms, found 1 plugins.
Preloading 0 native plugins for Editor in 0.00 ms.
Invoked RoslynAnalysisRunner static constructor.
RoslynAnalysisRunner will not be running.
RoslynAnalysisRunner has terminated.
Mono: successfully reloaded assembly
- Completed reload, in  1.119 seconds
Platform modules already initialized, skipping
Shader 'Universal Render Pipeline/Particles/Lit': fallback shader 'Universal Render Pipeline/Particles/SimpleLit' not found
Shader 'Universal Render Pipeline/Particles/Lit': fallback shader 'Universal Render Pipeline/Particles/SimpleLit' not found
Refreshing native plugins compatible for Editor in 0.47 ms, found 1 plugins.
Preloading 0 native plugins for Editor in 0.00 ms.
Unloading 2343 Unused Serialized files (Serialized files now loaded: 0)
System memory in use before: 171.8 MB.
System memory in use after: 169.5 MB.

Unloading 41 unused Assets to reduce memory usage. Loaded Objects now: 2823.
Total: 7.109186 ms (FindLiveObjects: 0.653044 ms CreateObjectMapping: 0.247329 ms MarkObjects: 3.311429 ms  DeleteObjects: 2.894591 ms)

========================================================================
Received Import Request.
  Time since last request: 67.553306 seconds.
  path: Assets/Scenes
  artifactKey: Guid(8f90978045cc9478bb3fd602e6dee5a7) Importer(815301076,1909f56bfc062723c751e8b465ee728b)
Start importing Assets/Scenes using Guid(8f90978045cc9478bb3fd602e6dee5a7) Importer(815301076,1909f56bfc062723c751e8b465ee728b)  -> (artifact id: '3fd74b8224f69ebadd0c05e090f21368') in 0.006751 seconds
  Import took 0.014181 seconds .

========================================================================
Received Import Request.
  Time since last request: 755.227844 seconds.
  path: Assets/Materials
  artifactKey: Guid(284089b898a454fef97402f110605d2f) Importer(815301076,1909f56bfc062723c751e8b465ee728b)
Start importing Assets/Materials using Guid(284089b898a454fef97402f110605d2f) Importer(815301076,1909f56bfc062723c751e8b465ee728b)  -> (artifact id: 'b596182462be7aac385400d4f85129ed') in 0.007037 seconds
  Import took 0.033729 seconds .

========================================================================
Received Import Request.
  Time since last request: 0.002015 seconds.
  path: Assets/Materials
  artifactKey: Guid(284089b898a454fef97402f110605d2f) Importer(815301076,1909f56bfc062723c751e8b465ee728b)
Start importing Assets/Materials using Guid(284089b898a454fef97402f110605d2f) Importer(815301076,1909f56bfc062723c751e8b465ee728b)  -> (artifact id: 'b596182462be7aac385400d4f85129ed') in 0.001482 seconds
  Import took 0.008334 seconds .

========================================================================
Received Import Request.
  Time since last request: 28.411789 seconds.
  path: Assets/Materials/New Material.mat
  artifactKey: Guid(37f0f61b19ed74f6e951d3b4e10a519b) Importer(815301076,1909f56bfc062723c751e8b465ee728b)
Start importing Assets/Materials/New Material.mat using Guid(37f0f61b19ed74f6e951d3b4e10a519b) Importer(815301076,1909f56bfc062723c751e8b465ee728b)  -> (artifact id: 'c3476da46376500d9f7dc23f8a71bb24') in 0.835404 seconds
  Import took 0.846140 seconds .

========================================================================
Received Import Request.
  Time since last request: 188.130925 seconds.
  path: Assets/Materials/Background.mat
  artifactKey: Guid(37f0f61b19ed74f6e951d3b4e10a519b) Importer(815301076,1909f56bfc062723c751e8b465ee728b)
Start importing Assets/Materials/Background.mat using Guid(37f0f61b19ed74f6e951d3b4e10a519b) Importer(815301076,1909f56bfc062723c751e8b465ee728b)  -> (artifact id: 'e0cf54803ace6e3a8b85121889819ce1') in 0.028895 seconds
  Import took 0.044923 seconds .

========================================================================
Received Import Request.
  Time since last request: 0.000303 seconds.
  path: Assets/Materials/New Material.mat
  artifactKey: Guid(74e3c6674026d4fb18e2f4bf87c91c12) Importer(815301076,1909f56bfc062723c751e8b465ee728b)
Start importing Assets/Materials/New Material.mat using Guid(74e3c6674026d4fb18e2f4bf87c91c12) Importer(815301076,1909f56bfc062723c751e8b465ee728b)  -> (artifact id: 'c492cf6bedcd316610f7ed98f2848394') in 0.013369 seconds
  Import took 0.018427 seconds .

========================================================================
Received Import Request.
  Time since last request: 221.498151 seconds.
  path: Assets/Materials/Player.mat
  artifactKey: Guid(74e3c6674026d4fb18e2f4bf87c91c12) Importer(815301076,1909f56bfc062723c751e8b465ee728b)
Start importing Assets/Materials/Player.mat using Guid(74e3c6674026d4fb18e2f4bf87c91c12) Importer(815301076,1909f56bfc062723c751e8b465ee728b)  -> (artifact id: '62850f1698763d59a9b9286707f3a516') in 0.040759 seconds
  Import took 0.049475 seconds .

========================================================================
Received Prepare
Registering precompiled user dll's ...
Registered in 0.000989 seconds.
Begin MonoManager ReloadAssembly
Native extension for OSXStandalone target not found
Native extension for WebGL target not found
Refreshing native plugins compatible for Editor in 47.35 ms, found 1 plugins.
Preloading 0 native plugins for Editor in 0.00 ms.
Invoked RoslynAnalysisRunner static constructor.
RoslynAnalysisRunner will not be running.
RoslynAnalysisRunner has terminated.
Mono: successfully reloaded assembly
- Completed reload, in  1.080 seconds
Platform modules already initialized, skipping
Shader 'Universal Render Pipeline/Particles/Lit': fallback shader 'Universal Render Pipeline/Particles/SimpleLit' not found
Shader 'Universal Render Pipeline/Particles/Lit': fallback shader 'Universal Render Pipeline/Particles/SimpleLit' not found
Refreshing native plugins compatible for Editor in 0.50 ms, found 1 plugins.
Preloading 0 native plugins for Editor in 0.00 ms.
Unloading 2639 Unused Serialized files (Serialized files now loaded: 0)
System memory in use before: 174.3 MB.
System memory in use after: 171.0 MB.

Unloading 105 unused Assets to reduce memory usage. Loaded Objects now: 3133.
Total: 8.416490 ms (FindLiveObjects: 0.591753 ms CreateObjectMapping: 0.227546 ms MarkObjects: 3.573384 ms  DeleteObjects: 4.020612 ms)

AssetImportParameters requested are different than current active one (requested -> active):
  custom:srp/default-shader: 0000e00a000e0de00000e000e0000000 -> 00a0da0d000000000000000000000000
